C51 COMPILER V9.54   DELAY                                                                 06/30/2022 15:24:00 PAGE 1   


C51 COMPILER V9.54, COMPILATION OF MODULE DELAY
OBJECT MODULE PLACED IN .\Obj\Delay.obj
COMPILER INVOKED BY: H:\keil51\C51\BIN\C51.EXE Delay.c OPTIMIZE(8,SPEED) BROWSE INCDIR(.\App\24c02;.\App\iic;.\App\key;.
                    -\App\smg;.\Public;.\App\ds18b20;.\App\ds1302;.\App\ired;.\App\time;.\App\xpt2046;.\App\pwm;.\App\lcd1602) DEBUG OBJECTEX
                    -TEND PRINT(.\Obj\Delay.lst) TABS(2) OBJECT(.\Obj\Delay.obj)

line level    source

   1          void Delay(unsigned int xms)
   2          {
   3   1        unsigned char i, j;
   4   1        while(xms--)
   5   1        {
   6   2          i = 2;
   7   2          j = 239;
   8   2          do
   9   2          {
  10   3            while (--j);
  11   3          } while (--i);
  12   2        }
  13   1      }
  14          
  15          
  16          


MODULE INFORMATION:   STATIC OVERLAYABLE
   CODE SIZE        =     21    ----
   CONSTANT SIZE    =   ----    ----
   XDATA SIZE       =   ----    ----
   PDATA SIZE       =   ----    ----
   DATA SIZE        =   ----    ----
   IDATA SIZE       =   ----    ----
   BIT SIZE         =   ----    ----
END OF MODULE INFORMATION.


C51 COMPILATION COMPLETE.  0 WARNING(S),  0 ERROR(S)
