C51 COMPILER V9.54   LCD12864                                                              06/24/2022 18:55:49 PAGE 1   


C51 COMPILER V9.54, COMPILATION OF MODULE LCD12864
OBJECT MODULE PLACED IN .\Obj\lcd12864.obj
COMPILER INVOKED BY: H:\keil51\C51\BIN\C51.EXE lcd12864.c OPTIMIZE(8,SPEED) BROWSE INCDIR(.\App\24c02;.\App\iic;.\App\ke
                    -y;.\App\smg;.\Public;.\App\ds18b20;.\App\ds1302;.\App\ired;.\App\time;.\App\xpt2046;.\App\pwm;.\App\lcd1602) DEBUG OBJEC
                    -TEXTEND PRINT(.\Obj\lcd12864.lst) TABS(2) OBJECT(.\Obj\lcd12864.obj)

line level    source

   1          #include <lcd12864.h>
   2          
   3          /*12864端口定义*/
   4          sbit LCD_RS  =  P2^6;            //寄存器选择输入 
   5          sbit LCD_RW  =  P2^5;            //液晶读/写控制
   6          sbit LCD_EN  =  P2^7;            //液晶使能控制
   7          sbit LCD_PSB =  P3^1;            //串/并方式控制
   8              
   9          /*******************************************************************/
  10          /*检查LCD忙状态                                                    */
  11          /*lcd_busy为1时，忙，等待。lcd-busy为0时,闲，可写指令与数据。      */
  12          /*******************************************************************/
  13          bit lcd_busy()
  14           {                          
  15   1          bit result;
  16   1          LCD_RS = 0;
  17   1          LCD_RW = 1;
  18   1          LCD_EN = 1;
  19   1          delayNOP();  //延时4us
  20   1          result = (bit)(P0&0x80);
  21   1          LCD_EN = 0;
  22   1          return(result); 
  23   1       }
  24          /*******************************************************************/
  25          /*写指令数据到LCD                                                  */
  26          /*RS=L，RW=L，E=高脉冲，D0-D7=指令码。                             */
  27          /*******************************************************************/
  28          void lcd_wcmd(u8 cmd)
  29          {                          
  30   1          while(lcd_busy());
  31   1          LCD_RS = 0;
  32   1          LCD_RW = 0;
  33   1          LCD_EN = 0;
  34   1          _nop_();
  35   1          _nop_(); 
  36   1          P0 = cmd;
  37   1          delayNOP();
  38   1          LCD_EN = 1;
  39   1          delayNOP();
  40   1          LCD_EN = 0;  
  41   1      }
  42          /*******************************************************************/
  43          /*写显示数据到LCD                                                  */
  44          /*RS=H，RW=L，E=高脉冲，D0-D7=数据。                               */
  45          /*******************************************************************/
  46          void lcd_wdat(u8 dat)
  47          {                          
  48   1          while(lcd_busy());
  49   1          LCD_RS = 1;
  50   1          LCD_RW = 0;
  51   1          LCD_EN = 0;
  52   1          P0 = dat;
  53   1          delayNOP();
C51 COMPILER V9.54   LCD12864                                                              06/24/2022 18:55:49 PAGE 2   

  54   1          LCD_EN = 1;
  55   1          delayNOP();
  56   1          LCD_EN = 0; 
  57   1      }
  58          /*******************************************************************/
  59          /*  LCD初始化设定                                                  */
  60          /*******************************************************************/
  61          void lcd12864_init()
  62          { 
  63   1      
  64   1          LCD_PSB = 1;         //并口方式
  65   1          
  66   1      //  lcd_wcmd(0x34);      //扩充指令操作
  67   1      //  delay_ms(5);
  68   1          lcd_wcmd(0x30);      //基本指令操作
  69   1          delay_ms(5);
  70   1          lcd_wcmd(0x0f);      //显示开，关光标
  71   1          delay_ms(5);
  72   1          lcd_wcmd(0x01);      //清除LCD的显示内容
  73   1          delay_ms(5);
  74   1      }
  75          /*********************************************************/
  76          /* 设定显示位置                                          */
  77          /*********************************************************/
  78          void lcd12864_pos(u8 X,u8 Y)
  79          {                          
  80   1         u8  pos;
  81   1         if (X==0)
  82   1           {X=0x80;}
  83   1         else if (X==1)
  84   1           {X=0x90;}
  85   1         else if (X==2)
  86   1           {X=0x88;}
  87   1         else if (X==3)
  88   1           {X=0x98;}
  89   1         pos = X+Y ;  
  90   1         lcd_wcmd(pos);     //显示地址
  91   1      }
  92          /*********************************************************/
  93          /* 显示汉字串函数                            */
  94          /*********************************************************/
  95          void LCD12864disp(u8 *p)//显示汉字串（字数不超过32）
  96           {
  97   1          u8 i;
  98   1                   
  99   1          i = 0;
 100   1          while(p[i]!= '\0')
 101   1           {                         //显示字符
 102   2             lcd_wdat(p[i]);
 103   2             i++;
 104   2      //     if(i==16) lcd_pos(1,0);  //一个汉字占2个字节
 105   2      //     if(i==32) lcd_pos(2,0); 
 106   2      //     if(i==48) lcd_pos(3,0);   
 107   2           }       
 108   1      }
 109          void  LCD12864disc(u8 p)
 110          {
 111   1         lcd_wdat(p);
 112   1      }
 113          void lcd12864_clear()//12864清屏函数
 114          { 
 115   1          lcd_wcmd(0x01);      //清除LCD的显示内容
C51 COMPILER V9.54   LCD12864                                                              06/24/2022 18:55:49 PAGE 3   

 116   1          delay_ms(5);
 117   1      }
 118          
 119          


MODULE INFORMATION:   STATIC OVERLAYABLE
   CODE SIZE        =    191    ----
   CONSTANT SIZE    =   ----    ----
   XDATA SIZE       =   ----    ----
   PDATA SIZE       =   ----    ----
   DATA SIZE        =   ----       3
   IDATA SIZE       =   ----    ----
   BIT SIZE         =   ----       1
END OF MODULE INFORMATION.


C51 COMPILATION COMPLETE.  0 WARNING(S),  0 ERROR(S)
