C51 COMPILER V9.54   MKEY                                                                  06/30/2022 15:24:00 PAGE 1   


C51 COMPILER V9.54, COMPILATION OF MODULE MKEY
OBJECT MODULE PLACED IN .\Obj\mkey.obj
COMPILER INVOKED BY: H:\keil51\C51\BIN\C51.EXE mkey.c OPTIMIZE(8,SPEED) BROWSE INCDIR(.\App\24c02;.\App\iic;.\App\key;.\
                    -App\smg;.\Public;.\App\ds18b20;.\App\ds1302;.\App\ired;.\App\time;.\App\xpt2046;.\App\pwm;.\App\lcd1602) DEBUG OBJECTEXT
                    -END PRINT(.\Obj\mkey.lst) TABS(2) OBJECT(.\Obj\mkey.obj)

line level    source

   1          #include <REGX52.H>
   2          #include "Delay.h"
   3          
   4          
   5          
   6          
   7          unsigned char MatrixKey()
   8          {
   9   1        unsigned char KeyValue=0;
  10   1        P1=0x0f; 
  11   1        if(P1!=0x0f)//读取按键是否按下
  12   1        {
  13   2          if(P1!=0x0f)//再次检测是否按下
  14   2              {
  15   3            //测试列
  16   3            P1=0x0f;
  17   3            switch(P1) 
  18   3                  { case(0X07): KeyValue=1;break;
  19   4                    case(0X0b): KeyValue=2;Delay(10);break; 
  20   4                    case(0X0d): KeyValue=3;Delay(10);break; 
  21   4                    case(0X0e): KeyValue=4;Delay(10);break;
  22   4            }
  23   3            //测试行
  24   3            P1=0XF0;
  25   3            switch(P1) 
  26   3            { case(0X70): KeyValue=KeyValue;break; 
  27   4              case(0Xb0): KeyValue=KeyValue+4;break; 
  28   4              case(0Xd0): KeyValue=KeyValue+8;break;
  29   4              case(0Xe0): KeyValue=KeyValue+12;break; 
  30   4            }
  31   3          } 
  32   2         }
  33   1        return KeyValue;
  34   1      }
  35          


MODULE INFORMATION:   STATIC OVERLAYABLE
   CODE SIZE        =    108    ----
   CONSTANT SIZE    =   ----    ----
   XDATA SIZE       =   ----    ----
   PDATA SIZE       =   ----    ----
   DATA SIZE        =   ----       1
   IDATA SIZE       =   ----    ----
   BIT SIZE         =   ----    ----
END OF MODULE INFORMATION.


C51 COMPILATION COMPLETE.  0 WARNING(S),  0 ERROR(S)
