C51 COMPILER V9.54   TIMER0                                                                06/30/2022 15:24:00 PAGE 1   


C51 COMPILER V9.54, COMPILATION OF MODULE TIMER0
OBJECT MODULE PLACED IN .\Obj\TIMER0.obj
COMPILER INVOKED BY: H:\keil51\C51\BIN\C51.EXE TIMER0.c OPTIMIZE(8,SPEED) BROWSE INCDIR(.\App\24c02;.\App\iic;.\App\key;
                    -.\App\smg;.\Public;.\App\ds18b20;.\App\ds1302;.\App\ired;.\App\time;.\App\xpt2046;.\App\pwm;.\App\lcd1602) DEBUG OBJECTE
                    -XTEND PRINT(.\Obj\TIMER0.lst) TABS(2) OBJECT(.\Obj\TIMER0.obj)

line level    source

   1          #include "TIMER0.h"
   2          
   3          void Timer0_start(void)
   4          {
   5   1        TR0=1;//打开定时器  
   6   1      }
   7          
   8          /*******************************************************************************
   9          * 函 数 名       : time0_stop
  10          * 函数功能     : 定时器0关闭
  11          * 输    入       : 无
  12          * 输    出       : 无
  13          *******************************************************************************/
  14          void Timer0_stop(void)
  15          {
  16   1        TR0=0;//关闭定时器
  17   1        TH0=0X00;
  18   1        TL0=0X00; 
  19   1      }
  20          
  21          
  22          void Timer0_init()
  23          {
  24   1        TMOD|=0X10;//选择为定时器0模式，工作方式1
  25   1        TH0=0xDC;//给定时器赋初值，定时10ms
  26   1        TL0=0x00; 
  27   1        ET0=1;//打开定时器1中断允许
  28   1        EA=1;//打开总中断
  29   1        TR0=0;//关闭定时器  
  30   1        }


MODULE INFORMATION:   STATIC OVERLAYABLE
   CODE SIZE        =     27    ----
   CONSTANT SIZE    =   ----    ----
   XDATA SIZE       =   ----    ----
   PDATA SIZE       =   ----    ----
   DATA SIZE        =   ----    ----
   IDATA SIZE       =   ----    ----
   BIT SIZE         =   ----    ----
END OF MODULE INFORMATION.


C51 COMPILATION COMPLETE.  0 WARNING(S),  0 ERROR(S)
